2018-04-03 03:57:23,553: rp.session.vivek-HP-Pavilion-m6-Notebook-PC.vivek.017624.0004: MainProcess                     : MainThread     : INFO    : python.interpreter   version: 2.7.12 (default, Nov 20 2017, 18:23:56) [GCC 5.4.0 20160609]
2018-04-03 03:57:23,553: rp.session.vivek-HP-Pavilion-m6-Notebook-PC.vivek.017624.0004: MainProcess                     : MainThread     : INFO    :                      pid: 27168
2018-04-03 03:57:23,553: rp.session.vivek-HP-Pavilion-m6-Notebook-PC.vivek.017624.0004: MainProcess                     : MainThread     : INFO    :                      tid: MainThread
2018-04-03 03:57:23,553: rp.session.vivek-HP-Pavilion-m6-Notebook-PC.vivek.017624.0004: MainProcess                     : MainThread     : INFO    : radical.pilot        version: 0.47-0.47-7-g6165842@devel
2018-04-03 03:57:23,554: rp.session.vivek-HP-Pavilion-m6-Notebook-PC.vivek.017624.0004: MainProcess                     : MainThread     : INFO    : using database mongodb://138.201.86.166:27017/ee_exp_4c
2018-04-03 03:57:23,555: rp.session.vivek-HP-Pavilion-m6-Notebook-PC.vivek.017624.0004: MainProcess                     : MainThread     : INFO    : Load resource configurations from /home/vivek/Research/ves/ve-entk-perf/local/lib/python2.7/site-packages/radical/pilot/configs/resource_nersc.json
2018-04-03 03:57:23,572: rp.session.vivek-HP-Pavilion-m6-Notebook-PC.vivek.017624.0004: MainProcess                     : MainThread     : INFO    : Load resource configurations for nersc.edison_ccm_ssh
2018-04-03 03:57:23,572: rp.session.vivek-HP-Pavilion-m6-Notebook-PC.vivek.017624.0004: MainProcess                     : MainThread     : INFO    : Load resource configurations for nersc.hopper_orte
2018-04-03 03:57:23,573: rp.session.vivek-HP-Pavilion-m6-Notebook-PC.vivek.017624.0004: MainProcess                     : MainThread     : INFO    : Load resource configurations for nersc.hopper_ccm_ssh
2018-04-03 03:57:23,573: rp.session.vivek-HP-Pavilion-m6-Notebook-PC.vivek.017624.0004: MainProcess                     : MainThread     : INFO    : Load resource configurations for nersc.edison_aprun
2018-04-03 03:57:23,574: rp.session.vivek-HP-Pavilion-m6-Notebook-PC.vivek.017624.0004: MainProcess                     : MainThread     : INFO    : Load resource configurations for nersc.hopper_aprun
2018-04-03 03:57:23,574: rp.session.vivek-HP-Pavilion-m6-Notebook-PC.vivek.017624.0004: MainProcess                     : MainThread     : INFO    : Load resource configurations for nersc.edison_orte
2018-04-03 03:57:23,575: rp.session.vivek-HP-Pavilion-m6-Notebook-PC.vivek.017624.0004: MainProcess                     : MainThread     : INFO    : Load resource configurations from /home/vivek/Research/ves/ve-entk-perf/local/lib/python2.7/site-packages/radical/pilot/configs/resource_ornl.json
2018-04-03 03:57:23,582: rp.session.vivek-HP-Pavilion-m6-Notebook-PC.vivek.017624.0004: MainProcess                     : MainThread     : INFO    : Load resource configurations for ornl.titan_orte
2018-04-03 03:57:23,583: rp.session.vivek-HP-Pavilion-m6-Notebook-PC.vivek.017624.0004: MainProcess                     : MainThread     : INFO    : Load resource configurations for ornl.titan_aprun
2018-04-03 03:57:23,583: rp.session.vivek-HP-Pavilion-m6-Notebook-PC.vivek.017624.0004: MainProcess                     : MainThread     : INFO    : Load resource configurations for ornl.titan_ortelib
2018-04-03 03:57:23,585: rp.session.vivek-HP-Pavilion-m6-Notebook-PC.vivek.017624.0004: MainProcess                     : MainThread     : INFO    : Load resource configurations from /home/vivek/Research/ves/ve-entk-perf/local/lib/python2.7/site-packages/radical/pilot/configs/resource_rice.json
2018-04-03 03:57:23,589: rp.session.vivek-HP-Pavilion-m6-Notebook-PC.vivek.017624.0004: MainProcess                     : MainThread     : INFO    : Load resource configurations for rice.davinci_ssh
2018-04-03 03:57:23,590: rp.session.vivek-HP-Pavilion-m6-Notebook-PC.vivek.017624.0004: MainProcess                     : MainThread     : INFO    : Load resource configurations for rice.biou_ssh
2018-04-03 03:57:23,590: rp.session.vivek-HP-Pavilion-m6-Notebook-PC.vivek.017624.0004: MainProcess                     : MainThread     : INFO    : Load resource configurations from /home/vivek/Research/ves/ve-entk-perf/local/lib/python2.7/site-packages/radical/pilot/configs/resource_lumc.json
2018-04-03 03:57:23,594: rp.session.vivek-HP-Pavilion-m6-Notebook-PC.vivek.017624.0004: MainProcess                     : MainThread     : INFO    : Load resource configurations for lumc.gb-ui_ssh
2018-04-03 03:57:23,595: rp.session.vivek-HP-Pavilion-m6-Notebook-PC.vivek.017624.0004: MainProcess                     : MainThread     : INFO    : Load resource configurations for lumc.shark_ssh
2018-04-03 03:57:23,595: rp.session.vivek-HP-Pavilion-m6-Notebook-PC.vivek.017624.0004: MainProcess                     : MainThread     : INFO    : Load resource configurations from /home/vivek/Research/ves/ve-entk-perf/local/lib/python2.7/site-packages/radical/pilot/configs/resource_ncsa.json
2018-04-03 03:57:23,605: rp.session.vivek-HP-Pavilion-m6-Notebook-PC.vivek.017624.0004: MainProcess                     : MainThread     : INFO    : Load resource configurations for ncsa.bw_orte
2018-04-03 03:57:23,605: rp.session.vivek-HP-Pavilion-m6-Notebook-PC.vivek.017624.0004: MainProcess                     : MainThread     : INFO    : Load resource configurations for ncsa.bw_ccm_ssh
2018-04-03 03:57:23,606: rp.session.vivek-HP-Pavilion-m6-Notebook-PC.vivek.017624.0004: MainProcess                     : MainThread     : INFO    : Load resource configurations for ncsa.bw_ortelib
2018-04-03 03:57:23,606: rp.session.vivek-HP-Pavilion-m6-Notebook-PC.vivek.017624.0004: MainProcess                     : MainThread     : INFO    : Load resource configurations for ncsa.bw_aprun
2018-04-03 03:57:23,607: rp.session.vivek-HP-Pavilion-m6-Notebook-PC.vivek.017624.0004: MainProcess                     : MainThread     : INFO    : Load resource configurations for ncsa.bw_local_orte
2018-04-03 03:57:23,607: rp.session.vivek-HP-Pavilion-m6-Notebook-PC.vivek.017624.0004: MainProcess                     : MainThread     : INFO    : Load resource configurations from /home/vivek/Research/ves/ve-entk-perf/local/lib/python2.7/site-packages/radical/pilot/configs/resource_das5.json
2018-04-03 03:57:23,609: rp.session.vivek-HP-Pavilion-m6-Notebook-PC.vivek.017624.0004: MainProcess                     : MainThread     : INFO    : Load resource configurations for das5.fs1_ssh
2018-04-03 03:57:23,610: rp.session.vivek-HP-Pavilion-m6-Notebook-PC.vivek.017624.0004: MainProcess                     : MainThread     : INFO    : Load resource configurations from /home/vivek/Research/ves/ve-entk-perf/local/lib/python2.7/site-packages/radical/pilot/configs/resource_chameleon.json
2018-04-03 03:57:23,612: rp.session.vivek-HP-Pavilion-m6-Notebook-PC.vivek.017624.0004: MainProcess                     : MainThread     : INFO    : Load resource configurations for chameleon.cloud_vm_yarn
2018-04-03 03:57:23,612: rp.session.vivek-HP-Pavilion-m6-Notebook-PC.vivek.017624.0004: MainProcess                     : MainThread     : INFO    : Load resource configurations from /home/vivek/Research/ves/ve-entk-perf/local/lib/python2.7/site-packages/radical/pilot/configs/resource_stfc.json
2018-04-03 03:57:23,614: rp.session.vivek-HP-Pavilion-m6-Notebook-PC.vivek.017624.0004: MainProcess                     : MainThread     : INFO    : Load resource configurations for stfc.joule_runjob
2018-04-03 03:57:23,614: rp.session.vivek-HP-Pavilion-m6-Notebook-PC.vivek.017624.0004: MainProcess                     : MainThread     : INFO    : Load resource configurations from /home/vivek/Research/ves/ve-entk-perf/local/lib/python2.7/site-packages/radical/pilot/configs/resource_das4.json
2018-04-03 03:57:23,616: rp.session.vivek-HP-Pavilion-m6-Notebook-PC.vivek.017624.0004: MainProcess                     : MainThread     : INFO    : Load resource configurations for das4.fs2_ssh
2018-04-03 03:57:23,617: rp.session.vivek-HP-Pavilion-m6-Notebook-PC.vivek.017624.0004: MainProcess                     : MainThread     : INFO    : Load resource configurations from /home/vivek/Research/ves/ve-entk-perf/local/lib/python2.7/site-packages/radical/pilot/configs/resource_yale.json
2018-04-03 03:57:23,619: rp.session.vivek-HP-Pavilion-m6-Notebook-PC.vivek.017624.0004: MainProcess                     : MainThread     : INFO    : Load resource configurations for yale.grace_ssh
2018-04-03 03:57:23,619: rp.session.vivek-HP-Pavilion-m6-Notebook-PC.vivek.017624.0004: MainProcess                     : MainThread     : INFO    : Load resource configurations from /home/vivek/Research/ves/ve-entk-perf/local/lib/python2.7/site-packages/radical/pilot/configs/resource_ncar.json
2018-04-03 03:57:23,621: rp.session.vivek-HP-Pavilion-m6-Notebook-PC.vivek.017624.0004: MainProcess                     : MainThread     : INFO    : Load resource configurations for ncar.yellowstone_ssh
2018-04-03 03:57:23,622: rp.session.vivek-HP-Pavilion-m6-Notebook-PC.vivek.017624.0004: MainProcess                     : MainThread     : INFO    : Load resource configurations from /home/vivek/Research/ves/ve-entk-perf/local/lib/python2.7/site-packages/radical/pilot/configs/resource_iu.json
2018-04-03 03:57:23,625: rp.session.vivek-HP-Pavilion-m6-Notebook-PC.vivek.017624.0004: MainProcess                     : MainThread     : INFO    : Load resource configurations for iu.bigred2_ccm_ssh
2018-04-03 03:57:23,626: rp.session.vivek-HP-Pavilion-m6-Notebook-PC.vivek.017624.0004: MainProcess                     : MainThread     : INFO    : Load resource configurations for iu.bigred2_aprun
2018-04-03 03:57:23,626: rp.session.vivek-HP-Pavilion-m6-Notebook-PC.vivek.017624.0004: MainProcess                     : MainThread     : INFO    : Load resource configurations from /home/vivek/Research/ves/ve-entk-perf/local/lib/python2.7/site-packages/radical/pilot/configs/resource_osg.json
2018-04-03 03:57:23,631: rp.session.vivek-HP-Pavilion-m6-Notebook-PC.vivek.017624.0004: MainProcess                     : MainThread     : INFO    : Load resource configurations for osg.xsede-virt-clust
2018-04-03 03:57:23,631: rp.session.vivek-HP-Pavilion-m6-Notebook-PC.vivek.017624.0004: MainProcess                     : MainThread     : INFO    : Load resource configurations for osg.connect
2018-04-03 03:57:23,632: rp.session.vivek-HP-Pavilion-m6-Notebook-PC.vivek.017624.0004: MainProcess                     : MainThread     : INFO    : Load resource configurations from /home/vivek/Research/ves/ve-entk-perf/local/lib/python2.7/site-packages/radical/pilot/configs/resource_radical.json
2018-04-03 03:57:23,637: rp.session.vivek-HP-Pavilion-m6-Notebook-PC.vivek.017624.0004: MainProcess                     : MainThread     : INFO    : Load resource configurations for radical.two
2018-04-03 03:57:23,638: rp.session.vivek-HP-Pavilion-m6-Notebook-PC.vivek.017624.0004: MainProcess                     : MainThread     : INFO    : Load resource configurations for radical.tutorial
2018-04-03 03:57:23,639: rp.session.vivek-HP-Pavilion-m6-Notebook-PC.vivek.017624.0004: MainProcess                     : MainThread     : INFO    : Load resource configurations for radical.one
2018-04-03 03:57:23,640: rp.session.vivek-HP-Pavilion-m6-Notebook-PC.vivek.017624.0004: MainProcess                     : MainThread     : INFO    : Load resource configurations from /home/vivek/Research/ves/ve-entk-perf/local/lib/python2.7/site-packages/radical/pilot/configs/resource_lrz.json
2018-04-03 03:57:23,642: rp.session.vivek-HP-Pavilion-m6-Notebook-PC.vivek.017624.0004: MainProcess                     : MainThread     : INFO    : Load resource configurations for lrz.supermuc_ssh
2018-04-03 03:57:23,642: rp.session.vivek-HP-Pavilion-m6-Notebook-PC.vivek.017624.0004: MainProcess                     : MainThread     : INFO    : Load resource configurations from /home/vivek/Research/ves/ve-entk-perf/local/lib/python2.7/site-packages/radical/pilot/configs/resource_local.json
2018-04-03 03:57:23,654: rp.session.vivek-HP-Pavilion-m6-Notebook-PC.vivek.017624.0004: MainProcess                     : MainThread     : INFO    : Load resource configurations for local.localhost_orte
2018-04-03 03:57:23,655: rp.session.vivek-HP-Pavilion-m6-Notebook-PC.vivek.017624.0004: MainProcess                     : MainThread     : INFO    : Load resource configurations for local.localhost_anaconda
2018-04-03 03:57:23,655: rp.session.vivek-HP-Pavilion-m6-Notebook-PC.vivek.017624.0004: MainProcess                     : MainThread     : INFO    : Load resource configurations for local.localhost_ortelib
2018-04-03 03:57:23,655: rp.session.vivek-HP-Pavilion-m6-Notebook-PC.vivek.017624.0004: MainProcess                     : MainThread     : INFO    : Load resource configurations for local.localhost
2018-04-03 03:57:23,656: rp.session.vivek-HP-Pavilion-m6-Notebook-PC.vivek.017624.0004: MainProcess                     : MainThread     : INFO    : Load resource configurations for local.localhost_spark
2018-04-03 03:57:23,656: rp.session.vivek-HP-Pavilion-m6-Notebook-PC.vivek.017624.0004: MainProcess                     : MainThread     : INFO    : Load resource configurations for local.localhost_spark_anaconda
2018-04-03 03:57:23,657: rp.session.vivek-HP-Pavilion-m6-Notebook-PC.vivek.017624.0004: MainProcess                     : MainThread     : INFO    : Load resource configurations for local.localhost_yarn
2018-04-03 03:57:23,657: rp.session.vivek-HP-Pavilion-m6-Notebook-PC.vivek.017624.0004: MainProcess                     : MainThread     : INFO    : Load resource configurations from /home/vivek/Research/ves/ve-entk-perf/local/lib/python2.7/site-packages/radical/pilot/configs/resource_aliases.json
2018-04-03 03:57:23,658: rp.session.vivek-HP-Pavilion-m6-Notebook-PC.vivek.017624.0004: MainProcess                     : MainThread     : INFO    : Load resource configurations from /home/vivek/Research/ves/ve-entk-perf/local/lib/python2.7/site-packages/radical/pilot/configs/resource_fub.json
2018-04-03 03:57:23,660: rp.session.vivek-HP-Pavilion-m6-Notebook-PC.vivek.017624.0004: MainProcess                     : MainThread     : INFO    : Load resource configurations for fub.allegro_rsh
2018-04-03 03:57:23,660: rp.session.vivek-HP-Pavilion-m6-Notebook-PC.vivek.017624.0004: MainProcess                     : MainThread     : INFO    : Load resource configurations from /home/vivek/Research/ves/ve-entk-perf/local/lib/python2.7/site-packages/radical/pilot/configs/resource_xsede.json
2018-04-03 03:57:23,704: rp.session.vivek-HP-Pavilion-m6-Notebook-PC.vivek.017624.0004: MainProcess                     : MainThread     : INFO    : Load resource configurations for xsede.gordon_ssh
2018-04-03 03:57:23,705: rp.session.vivek-HP-Pavilion-m6-Notebook-PC.vivek.017624.0004: MainProcess                     : MainThread     : INFO    : Load resource configurations for xsede.lonestar_ssh
2018-04-03 03:57:23,705: rp.session.vivek-HP-Pavilion-m6-Notebook-PC.vivek.017624.0004: MainProcess                     : MainThread     : INFO    : Load resource configurations for xsede.supermic_spark
2018-04-03 03:57:23,706: rp.session.vivek-HP-Pavilion-m6-Notebook-PC.vivek.017624.0004: MainProcess                     : MainThread     : INFO    : Load resource configurations for xsede.wrangler_yarn
2018-04-03 03:57:23,706: rp.session.vivek-HP-Pavilion-m6-Notebook-PC.vivek.017624.0004: MainProcess                     : MainThread     : INFO    : Load resource configurations for xsede.blacklight_ssh
2018-04-03 03:57:23,707: rp.session.vivek-HP-Pavilion-m6-Notebook-PC.vivek.017624.0004: MainProcess                     : MainThread     : INFO    : Load resource configurations for xsede.stampede_ortelib
2018-04-03 03:57:23,707: rp.session.vivek-HP-Pavilion-m6-Notebook-PC.vivek.017624.0004: MainProcess                     : MainThread     : INFO    : Load resource configurations for xsede.stampede_yarn
2018-04-03 03:57:23,708: rp.session.vivek-HP-Pavilion-m6-Notebook-PC.vivek.017624.0004: MainProcess                     : MainThread     : INFO    : Load resource configurations for xsede.stampede_ssh
2018-04-03 03:57:23,708: rp.session.vivek-HP-Pavilion-m6-Notebook-PC.vivek.017624.0004: MainProcess                     : MainThread     : INFO    : Load resource configurations for xsede.greenfield
2018-04-03 03:57:23,709: rp.session.vivek-HP-Pavilion-m6-Notebook-PC.vivek.017624.0004: MainProcess                     : MainThread     : INFO    : Load resource configurations for xsede.bridges
2018-04-03 03:57:23,709: rp.session.vivek-HP-Pavilion-m6-Notebook-PC.vivek.017624.0004: MainProcess                     : MainThread     : INFO    : Load resource configurations for xsede.trestles_ssh
2018-04-03 03:57:23,710: rp.session.vivek-HP-Pavilion-m6-Notebook-PC.vivek.017624.0004: MainProcess                     : MainThread     : INFO    : Load resource configurations for xsede.supermic_ortelib
2018-04-03 03:57:23,710: rp.session.vivek-HP-Pavilion-m6-Notebook-PC.vivek.017624.0004: MainProcess                     : MainThread     : INFO    : Load resource configurations for xsede.stampede2_ssh
2018-04-03 03:57:23,711: rp.session.vivek-HP-Pavilion-m6-Notebook-PC.vivek.017624.0004: MainProcess                     : MainThread     : INFO    : Load resource configurations for xsede.supermic_ssh
2018-04-03 03:57:23,711: rp.session.vivek-HP-Pavilion-m6-Notebook-PC.vivek.017624.0004: MainProcess                     : MainThread     : INFO    : Load resource configurations for xsede.wrangler_ssh
2018-04-03 03:57:23,712: rp.session.vivek-HP-Pavilion-m6-Notebook-PC.vivek.017624.0004: MainProcess                     : MainThread     : INFO    : Load resource configurations for xsede.supermic_orte
2018-04-03 03:57:23,712: rp.session.vivek-HP-Pavilion-m6-Notebook-PC.vivek.017624.0004: MainProcess                     : MainThread     : INFO    : Load resource configurations for xsede.wrangler_spark
2018-04-03 03:57:23,713: rp.session.vivek-HP-Pavilion-m6-Notebook-PC.vivek.017624.0004: MainProcess                     : MainThread     : INFO    : Load resource configurations for xsede.stampede_orte
2018-04-03 03:57:23,713: rp.session.vivek-HP-Pavilion-m6-Notebook-PC.vivek.017624.0004: MainProcess                     : MainThread     : INFO    : Load resource configurations for xsede.comet_ortelib
2018-04-03 03:57:23,714: rp.session.vivek-HP-Pavilion-m6-Notebook-PC.vivek.017624.0004: MainProcess                     : MainThread     : INFO    : Load resource configurations for xsede.comet_orte
2018-04-03 03:57:23,714: rp.session.vivek-HP-Pavilion-m6-Notebook-PC.vivek.017624.0004: MainProcess                     : MainThread     : INFO    : Load resource configurations for xsede.comet_spark
2018-04-03 03:57:23,715: rp.session.vivek-HP-Pavilion-m6-Notebook-PC.vivek.017624.0004: MainProcess                     : MainThread     : INFO    : Load resource configurations for xsede.comet_ssh
2018-04-03 03:57:23,715: rp.session.vivek-HP-Pavilion-m6-Notebook-PC.vivek.017624.0004: MainProcess                     : MainThread     : INFO    : Load resource configurations for xsede.stampede_spark
2018-04-03 03:57:23,716: rp.session.vivek-HP-Pavilion-m6-Notebook-PC.vivek.017624.0004: MainProcess                     : MainThread     : INFO    : Load resource configurations from /home/vivek/Research/ves/ve-entk-perf/local/lib/python2.7/site-packages/radical/pilot/configs/resource_futuregrid.json
2018-04-03 03:57:23,727: rp.session.vivek-HP-Pavilion-m6-Notebook-PC.vivek.017624.0004: MainProcess                     : MainThread     : INFO    : Load resource configurations for futuregrid.delta_ssh
2018-04-03 03:57:23,727: rp.session.vivek-HP-Pavilion-m6-Notebook-PC.vivek.017624.0004: MainProcess                     : MainThread     : INFO    : Load resource configurations for futuregrid.india_ssh
2018-04-03 03:57:23,728: rp.session.vivek-HP-Pavilion-m6-Notebook-PC.vivek.017624.0004: MainProcess                     : MainThread     : INFO    : Load resource configurations for futuregrid.echo_ssh
2018-04-03 03:57:23,728: rp.session.vivek-HP-Pavilion-m6-Notebook-PC.vivek.017624.0004: MainProcess                     : MainThread     : INFO    : Load resource configurations for futuregrid.xray_ccm
2018-04-03 03:57:23,729: rp.session.vivek-HP-Pavilion-m6-Notebook-PC.vivek.017624.0004: MainProcess                     : MainThread     : INFO    : Load resource configurations for futuregrid.bravo_ssh
2018-04-03 03:57:23,729: rp.session.vivek-HP-Pavilion-m6-Notebook-PC.vivek.017624.0004: MainProcess                     : MainThread     : INFO    : Load resource configurations for futuregrid.xray_aprun
2018-04-03 03:57:23,730: rp.session.vivek-HP-Pavilion-m6-Notebook-PC.vivek.017624.0004: MainProcess                     : MainThread     : INFO    : Load resource configurations from /home/vivek/Research/ves/ve-entk-perf/local/lib/python2.7/site-packages/radical/pilot/configs/resource_epsrc.json
2018-04-03 03:57:23,734: rp.session.vivek-HP-Pavilion-m6-Notebook-PC.vivek.017624.0004: MainProcess                     : MainThread     : INFO    : Load resource configurations for epsrc.archer_orte
2018-04-03 03:57:23,734: rp.session.vivek-HP-Pavilion-m6-Notebook-PC.vivek.017624.0004: MainProcess                     : MainThread     : INFO    : Load resource configurations for epsrc.archer_aprun
2018-04-03 03:57:24,469: rp.session.vivek-HP-Pavilion-m6-Notebook-PC.vivek.017624.0004: MainProcess                     : MainThread     : INFO    : New Session created: rp.session.vivek-HP-Pavilion-m6-Notebook-PC.vivek.017624.0004.
2018-04-03 03:57:24,470: rp.session.vivek-HP-Pavilion-m6-Notebook-PC.vivek.017624.0004: MainProcess                     : MainThread     : DEBUG   : start bridges   : {u'control_pubsub': {u'bulk_size': 0, u'log_level': u'debug', u'stall_hwm': 1},
 u'log_pubsub': {u'bulk_size': 0, u'log_level': u'debug', u'stall_hwm': 1},
 u'state_pubsub': {u'bulk_size': 0, u'log_level': u'debug', u'stall_hwm': 1}}
2018-04-03 03:57:24,470: rp.session.vivek-HP-Pavilion-m6-Notebook-PC.vivek.017624.0004: MainProcess                     : MainThread     : INFO    : create bridge control_pubsub
2018-04-03 03:57:24,498: rp.session.vivek-HP-Pavilion-m6-Notebook-PC.vivek.017624.0004: MainProcess                     : MainThread     : INFO    : created bridge control_pubsub (control.pubsub.bridge.0000)
2018-04-03 03:57:24,498: rp.session.vivek-HP-Pavilion-m6-Notebook-PC.vivek.017624.0004: MainProcess                     : MainThread     : INFO    : create bridge state_pubsub
2018-04-03 03:57:24,518: rp.session.vivek-HP-Pavilion-m6-Notebook-PC.vivek.017624.0004: MainProcess                     : MainThread     : INFO    : created bridge state_pubsub (state.pubsub.bridge.0000)
2018-04-03 03:57:24,519: rp.session.vivek-HP-Pavilion-m6-Notebook-PC.vivek.017624.0004: MainProcess                     : MainThread     : INFO    : create bridge log_pubsub
2018-04-03 03:57:24,539: rp.session.vivek-HP-Pavilion-m6-Notebook-PC.vivek.017624.0004: MainProcess                     : MainThread     : INFO    : created bridge log_pubsub (log.pubsub.bridge.0000)
2018-04-03 03:57:24,539: rp.session.vivek-HP-Pavilion-m6-Notebook-PC.vivek.017624.0004: MainProcess                     : MainThread     : DEBUG   : start components: {u'UpdateWorker': {u'count': 1}}
2018-04-03 03:57:24,540: rp.session.vivek-HP-Pavilion-m6-Notebook-PC.vivek.017624.0004: MainProcess                     : MainThread     : DEBUG   : start 1 component(s) UpdateWorker
2018-04-03 03:57:24,847: rp.session.vivek-HP-Pavilion-m6-Notebook-PC.vivek.017624.0004: MainProcess                     : MainThread     : INFO    : rp.session.vivek-HP-Pavilion-m6-Notebook-PC.vivek.017624.0004 starts update.0
