2018-04-03 03:57:24,818: state.pubsub.sub.0000: update.0                        : MainThread     : INFO    : python.interpreter   version: 2.7.12 (default, Nov 20 2017, 18:23:56) [GCC 5.4.0 20160609]
2018-04-03 03:57:24,819: state.pubsub.sub.0000: update.0                        : MainThread     : INFO    :                      pid: 27200
2018-04-03 03:57:24,819: state.pubsub.sub.0000: update.0                        : MainThread     : INFO    :                      tid: MainThread
2018-04-03 03:57:24,819: state.pubsub.sub.0000: update.0                        : MainThread     : INFO    : radical.pilot        version: 0.47-0.47-7-g6165842@devel
2018-04-03 03:57:24,819: state.pubsub.sub.0000: update.0                        : MainThread     : INFO    : create state_pubsub - sub - tcp://192.168.1.11:45363
2018-04-03 03:57:24,820: state.pubsub.sub.0000: update.0                        : MainThread     : DEBUG   : start process
2018-04-03 03:57:24,821: state.pubsub.sub.0000: update.0                        : MainThread     : DEBUG   : ru_initialize_common (NOOP)
2018-04-03 03:57:24,821: state.pubsub.sub.0000: update.0                        : MainThread     : DEBUG   : ru_initialize_parent (NOOP)
2018-04-03 03:57:24,821: state.pubsub.sub.0000: update.0                        : MainThread     : DEBUG   : process class started (no child)
2018-04-03 03:57:25,161: state.pubsub.sub.0000: umgr.0000.scheduling.0          : MainThread     : INFO    : python.interpreter   version: 2.7.12 (default, Nov 20 2017, 18:23:56) [GCC 5.4.0 20160609]
2018-04-03 03:57:25,161: state.pubsub.sub.0000: umgr.0000.scheduling.0          : MainThread     : INFO    :                      pid: 27297
2018-04-03 03:57:25,161: state.pubsub.sub.0000: umgr.0000.scheduling.0          : MainThread     : INFO    :                      tid: MainThread
2018-04-03 03:57:25,162: state.pubsub.sub.0000: umgr.0000.scheduling.0          : MainThread     : INFO    : radical.pilot        version: 0.47-0.47-7-g6165842@devel
2018-04-03 03:57:25,162: state.pubsub.sub.0000: umgr.0000.scheduling.0          : MainThread     : INFO    : create state_pubsub - sub - tcp://192.168.1.11:45363
2018-04-03 03:57:25,198: state.pubsub.sub.0000: umgr.0000.scheduling.0          : MainThread     : DEBUG   : start process
2018-04-03 03:57:25,198: state.pubsub.sub.0000: umgr.0000.scheduling.0          : MainThread     : DEBUG   : ru_initialize_common (NOOP)
2018-04-03 03:57:25,199: state.pubsub.sub.0000: umgr.0000.scheduling.0          : MainThread     : DEBUG   : ru_initialize_parent (NOOP)
2018-04-03 03:57:25,199: state.pubsub.sub.0000: umgr.0000.scheduling.0          : MainThread     : DEBUG   : process class started (no child)
2018-04-03 03:57:25,394: state.pubsub.sub.0000: MainProcess                     : MainThread     : INFO    : python.interpreter   version: 2.7.12 (default, Nov 20 2017, 18:23:56) [GCC 5.4.0 20160609]
2018-04-03 03:57:25,395: state.pubsub.sub.0000: MainProcess                     : MainThread     : INFO    :                      pid: 27168
2018-04-03 03:57:25,395: state.pubsub.sub.0000: MainProcess                     : MainThread     : INFO    :                      tid: MainThread
2018-04-03 03:57:25,395: state.pubsub.sub.0000: MainProcess                     : MainThread     : INFO    : radical.pilot        version: 0.47-0.47-7-g6165842@devel
2018-04-03 03:57:25,395: state.pubsub.sub.0000: MainProcess                     : MainThread     : INFO    : create state_pubsub - sub - tcp://192.168.1.11:45363
2018-04-03 03:57:25,396: state.pubsub.sub.0000: MainProcess                     : MainThread     : DEBUG   : start process
2018-04-03 03:57:25,396: state.pubsub.sub.0000: MainProcess                     : MainThread     : DEBUG   : ru_initialize_common (NOOP)
2018-04-03 03:57:25,396: state.pubsub.sub.0000: MainProcess                     : MainThread     : DEBUG   : ru_initialize_parent (NOOP)
2018-04-03 03:57:25,397: state.pubsub.sub.0000: MainProcess                     : MainThread     : DEBUG   : process class started (no child)
