2018-04-03 03:57:24,936: umgr.unschedule.pubsub.bridge.0000: MainProcess                     : MainThread     : INFO    : python.interpreter   version: 2.7.12 (default, Nov 20 2017, 18:23:56) [GCC 5.4.0 20160609]
2018-04-03 03:57:24,937: umgr.unschedule.pubsub.bridge.0000: MainProcess                     : MainThread     : INFO    :                      pid: 27168
2018-04-03 03:57:24,937: umgr.unschedule.pubsub.bridge.0000: MainProcess                     : MainThread     : INFO    :                      tid: MainThread
2018-04-03 03:57:24,937: umgr.unschedule.pubsub.bridge.0000: MainProcess                     : MainThread     : INFO    : radical.pilot        version: 0.47-0.47-7-g6165842@devel
2018-04-03 03:57:24,937: umgr.unschedule.pubsub.bridge.0000: MainProcess                     : MainThread     : INFO    : create umgr_unschedule_pubsub - bridge - tcp://*:*
2018-04-03 03:57:24,937: umgr.unschedule.pubsub.bridge.0000: MainProcess                     : MainThread     : DEBUG   : start process
2018-04-03 03:57:24,943: umgr.unschedule.pubsub.bridge.0000: umgr.unschedule.pubsub.bridge.0000: MainThread     : DEBUG   : ru_initialize_common (NOOP)
2018-04-03 03:57:24,947: umgr.unschedule.pubsub.bridge.0000: umgr.unschedule.pubsub.bridge.0000.child: MainThread     : INFO    : child (me) initializing
2018-04-03 03:57:24,947: umgr.unschedule.pubsub.bridge.0000: umgr.unschedule.pubsub.bridge.0000.child: MainThread     : DEBUG   : parent name: umgr.unschedule.pubsub.bridge.0000.child.watch
2018-04-03 03:57:24,947: umgr.unschedule.pubsub.bridge.0000: umgr.unschedule.pubsub.bridge.0000.child: MainThread     : DEBUG   : start thread
2018-04-03 03:57:24,948: umgr.unschedule.pubsub.bridge.0000: umgr.unschedule.pubsub.bridge.0000.child: umgr.unschedule.pubsub.bridge.0000.child.watch: DEBUG   : child name: umgr.unschedule.pubsub.bridge.0000.child.watch.thread
2018-04-03 03:57:24,948: umgr.unschedule.pubsub.bridge.0000: umgr.unschedule.pubsub.bridge.0000.child: umgr.unschedule.pubsub.bridge.0000.child.watch: INFO    : child (me) initializing
2018-04-03 03:57:24,948: umgr.unschedule.pubsub.bridge.0000: umgr.unschedule.pubsub.bridge.0000.child: umgr.unschedule.pubsub.bridge.0000.child.watch: DEBUG   : ru_initialize_common (NOOP)
2018-04-03 03:57:24,948: umgr.unschedule.pubsub.bridge.0000: umgr.unschedule.pubsub.bridge.0000.child: umgr.unschedule.pubsub.bridge.0000.child.watch: DEBUG   : ru_initialize_child (NOOP)
2018-04-03 03:57:24,948: umgr.unschedule.pubsub.bridge.0000: umgr.unschedule.pubsub.bridge.0000.child: umgr.unschedule.pubsub.bridge.0000.child.watch: INFO    : send alive
2018-04-03 03:57:24,948: umgr.unschedule.pubsub.bridge.0000: umgr.unschedule.pubsub.bridge.0000.child: umgr.unschedule.pubsub.bridge.0000.child.watch: INFO    : put message: [umgr.unschedule.pubsub.bridge.0000.child.watch.thread] alive
2018-04-03 03:57:24,949: umgr.unschedule.pubsub.bridge.0000: umgr.unschedule.pubsub.bridge.0000.child: MainThread     : INFO    : get msg: alive
2018-04-03 03:57:24,949: umgr.unschedule.pubsub.bridge.0000: umgr.unschedule.pubsub.bridge.0000.child: MainThread     : DEBUG   : ru_initialize_common (NOOP)
2018-04-03 03:57:24,949: umgr.unschedule.pubsub.bridge.0000: umgr.unschedule.pubsub.bridge.0000.child: MainThread     : DEBUG   : ru_initialize_parent (NOOP)
2018-04-03 03:57:24,949: umgr.unschedule.pubsub.bridge.0000: umgr.unschedule.pubsub.bridge.0000.child: MainThread     : DEBUG   : child thread umgr.unschedule.pubsub.bridge.0000.child.watch started
2018-04-03 03:57:24,949: umgr.unschedule.pubsub.bridge.0000: umgr.unschedule.pubsub.bridge.0000.child: MainThread     : INFO    : child (me) is alive
2018-04-03 03:57:24,950: umgr.unschedule.pubsub.bridge.0000: umgr.unschedule.pubsub.bridge.0000.child: MainThread     : INFO    : send alive
2018-04-03 03:57:24,950: umgr.unschedule.pubsub.bridge.0000: umgr.unschedule.pubsub.bridge.0000.child: MainThread     : INFO    : send message: [umgr.unschedule.pubsub.bridge.0000.child] alive
2018-04-03 03:57:24,950: umgr.unschedule.pubsub.bridge.0000: MainProcess                     : MainThread     : INFO    : recv message: alive
2018-04-03 03:57:24,950: umgr.unschedule.pubsub.bridge.0000: MainProcess                     : MainThread     : DEBUG   : ru_initialize_common (NOOP)
2018-04-03 03:57:24,950: umgr.unschedule.pubsub.bridge.0000: MainProcess                     : MainThread     : DEBUG   : ru_initialize_parent (NOOP)
2018-04-03 03:57:24,950: umgr.unschedule.pubsub.bridge.0000: MainProcess                     : MainThread     : DEBUG   : parent name: umgr.unschedule.pubsub.bridge.0000.watch
2018-04-03 03:57:24,951: umgr.unschedule.pubsub.bridge.0000: MainProcess                     : MainThread     : DEBUG   : start thread
2018-04-03 03:57:24,951: umgr.unschedule.pubsub.bridge.0000: MainProcess                     : umgr.unschedule.pubsub.bridge.0000.watch: DEBUG   : child name: umgr.unschedule.pubsub.bridge.0000.watch.thread
2018-04-03 03:57:24,951: umgr.unschedule.pubsub.bridge.0000: MainProcess                     : umgr.unschedule.pubsub.bridge.0000.watch: INFO    : child (me) initializing
2018-04-03 03:57:24,951: umgr.unschedule.pubsub.bridge.0000: MainProcess                     : umgr.unschedule.pubsub.bridge.0000.watch: DEBUG   : ru_initialize_common (NOOP)
2018-04-03 03:57:24,951: umgr.unschedule.pubsub.bridge.0000: MainProcess                     : umgr.unschedule.pubsub.bridge.0000.watch: DEBUG   : ru_initialize_child (NOOP)
2018-04-03 03:57:24,951: umgr.unschedule.pubsub.bridge.0000: MainProcess                     : umgr.unschedule.pubsub.bridge.0000.watch: INFO    : send alive
2018-04-03 03:57:24,952: umgr.unschedule.pubsub.bridge.0000: MainProcess                     : umgr.unschedule.pubsub.bridge.0000.watch: INFO    : put message: [umgr.unschedule.pubsub.bridge.0000.watch.thread] alive
2018-04-03 03:57:24,952: umgr.unschedule.pubsub.bridge.0000: MainProcess                     : MainThread     : INFO    : get msg: alive
2018-04-03 03:57:24,952: umgr.unschedule.pubsub.bridge.0000: MainProcess                     : MainThread     : DEBUG   : ru_initialize_common (NOOP)
2018-04-03 03:57:24,953: umgr.unschedule.pubsub.bridge.0000: MainProcess                     : MainThread     : DEBUG   : ru_initialize_parent (NOOP)
2018-04-03 03:57:24,953: umgr.unschedule.pubsub.bridge.0000: MainProcess                     : MainThread     : DEBUG   : child thread umgr.unschedule.pubsub.bridge.0000.watch started
2018-04-03 03:57:24,953: umgr.unschedule.pubsub.bridge.0000: MainProcess                     : MainThread     : INFO    : child is alive
2018-04-03 03:57:24,953: umgr.unschedule.pubsub.bridge.0000: MainProcess                     : MainThread     : DEBUG   : process class started child
2018-04-03 05:31:54,289: umgr.unschedule.pubsub.bridge.0000: MainProcess                     : umgr.unschedule.pubsub.bridge.0000.watch: INFO    : recv message: 
2018-04-03 05:33:30,100: umgr.unschedule.pubsub.bridge.0000: MainProcess                     : umgr.unschedule.pubsub.bridge.0000.watch: INFO    : message received: 
2018-04-03 05:34:19,782: umgr.unschedule.pubsub.bridge.0000: MainProcess                     : umgr.unschedule.pubsub.bridge.0000.watch: WARNING : received empty string, parent closed ep
2018-04-03 05:35:42,798: umgr.unschedule.pubsub.bridge.0000: MainProcess                     : umgr.unschedule.pubsub.bridge.0000.watch: INFO    : watcher closes
2018-04-03 05:38:07,048: umgr.unschedule.pubsub.bridge.0000: MainProcess                     : umgr.unschedule.pubsub.bridge.0000.watch: INFO    : put message: [umgr.unschedule.pubsub.bridge.0000.watch.thread] work finished
2018-04-03 05:39:15,785: umgr.unschedule.pubsub.bridge.0000: MainProcess                     : umgr.unschedule.pubsub.bridge.0000.watch: DEBUG   : ru_finalize_child (NOOP)
2018-04-03 05:39:41,764: umgr.unschedule.pubsub.bridge.0000: MainProcess                     : umgr.unschedule.pubsub.bridge.0000.watch: DEBUG   : ru_finalize_common (NOOP)
2018-04-03 05:40:24,751: umgr.unschedule.pubsub.bridge.0000: MainProcess                     : umgr.unschedule.pubsub.bridge.0000.watch: INFO    : put message: [umgr.unschedule.pubsub.bridge.0000.watch.thread] terminating
