2018-04-03 03:57:24,901: umgr.staging.input.queue.bridge.0000: MainProcess                     : MainThread     : INFO    : python.interpreter   version: 2.7.12 (default, Nov 20 2017, 18:23:56) [GCC 5.4.0 20160609]
2018-04-03 03:57:24,901: umgr.staging.input.queue.bridge.0000: MainProcess                     : MainThread     : INFO    :                      pid: 27168
2018-04-03 03:57:24,901: umgr.staging.input.queue.bridge.0000: MainProcess                     : MainThread     : INFO    :                      tid: MainThread
2018-04-03 03:57:24,901: umgr.staging.input.queue.bridge.0000: MainProcess                     : MainThread     : INFO    : radical.pilot        version: 0.47-0.47-7-g6165842@devel
2018-04-03 03:57:24,902: umgr.staging.input.queue.bridge.0000: MainProcess                     : MainThread     : INFO    : create umgr_staging_input_queue - bridge - tcp://*:*
2018-04-03 03:57:24,902: umgr.staging.input.queue.bridge.0000: MainProcess                     : MainThread     : DEBUG   : start process
2018-04-03 03:57:24,906: umgr.staging.input.queue.bridge.0000: umgr.staging.input.queue.bridge.0000: MainThread     : DEBUG   : ru_initialize_common (NOOP)
2018-04-03 03:57:24,909: umgr.staging.input.queue.bridge.0000: umgr.staging.input.queue.bridge.0000.child: MainThread     : INFO    : child (me) initializing
2018-04-03 03:57:24,909: umgr.staging.input.queue.bridge.0000: umgr.staging.input.queue.bridge.0000.child: MainThread     : DEBUG   : parent name: umgr.staging.input.queue.bridge.0000.child.watch
2018-04-03 03:57:24,910: umgr.staging.input.queue.bridge.0000: umgr.staging.input.queue.bridge.0000.child: MainThread     : DEBUG   : start thread
2018-04-03 03:57:24,910: umgr.staging.input.queue.bridge.0000: umgr.staging.input.queue.bridge.0000.child: umgr.staging.input.queue.bridge.0000.child.watch: DEBUG   : child name: umgr.staging.input.queue.bridge.0000.child.watch.thread
2018-04-03 03:57:24,910: umgr.staging.input.queue.bridge.0000: umgr.staging.input.queue.bridge.0000.child: umgr.staging.input.queue.bridge.0000.child.watch: INFO    : child (me) initializing
2018-04-03 03:57:24,910: umgr.staging.input.queue.bridge.0000: umgr.staging.input.queue.bridge.0000.child: umgr.staging.input.queue.bridge.0000.child.watch: DEBUG   : ru_initialize_common (NOOP)
2018-04-03 03:57:24,910: umgr.staging.input.queue.bridge.0000: umgr.staging.input.queue.bridge.0000.child: umgr.staging.input.queue.bridge.0000.child.watch: DEBUG   : ru_initialize_child (NOOP)
2018-04-03 03:57:24,910: umgr.staging.input.queue.bridge.0000: umgr.staging.input.queue.bridge.0000.child: umgr.staging.input.queue.bridge.0000.child.watch: INFO    : send alive
2018-04-03 03:57:24,911: umgr.staging.input.queue.bridge.0000: umgr.staging.input.queue.bridge.0000.child: umgr.staging.input.queue.bridge.0000.child.watch: INFO    : put message: [umgr.staging.input.queue.bridge.0000.child.watch.thread] alive
2018-04-03 03:57:24,911: umgr.staging.input.queue.bridge.0000: umgr.staging.input.queue.bridge.0000.child: MainThread     : INFO    : get msg: alive
2018-04-03 03:57:24,911: umgr.staging.input.queue.bridge.0000: umgr.staging.input.queue.bridge.0000.child: MainThread     : DEBUG   : ru_initialize_common (NOOP)
2018-04-03 03:57:24,912: umgr.staging.input.queue.bridge.0000: umgr.staging.input.queue.bridge.0000.child: MainThread     : DEBUG   : ru_initialize_parent (NOOP)
2018-04-03 03:57:24,912: umgr.staging.input.queue.bridge.0000: umgr.staging.input.queue.bridge.0000.child: MainThread     : DEBUG   : child thread umgr.staging.input.queue.bridge.0000.child.watch started
2018-04-03 03:57:24,912: umgr.staging.input.queue.bridge.0000: umgr.staging.input.queue.bridge.0000.child: MainThread     : INFO    : child (me) is alive
2018-04-03 03:57:24,912: umgr.staging.input.queue.bridge.0000: umgr.staging.input.queue.bridge.0000.child: MainThread     : INFO    : send alive
2018-04-03 03:57:24,912: umgr.staging.input.queue.bridge.0000: umgr.staging.input.queue.bridge.0000.child: MainThread     : INFO    : send message: [umgr.staging.input.queue.bridge.0000.child] alive
2018-04-03 03:57:24,912: umgr.staging.input.queue.bridge.0000: MainProcess                     : MainThread     : INFO    : recv message: alive
2018-04-03 03:57:24,912: umgr.staging.input.queue.bridge.0000: MainProcess                     : MainThread     : DEBUG   : ru_initialize_common (NOOP)
2018-04-03 03:57:24,912: umgr.staging.input.queue.bridge.0000: MainProcess                     : MainThread     : DEBUG   : ru_initialize_parent (NOOP)
2018-04-03 03:57:24,913: umgr.staging.input.queue.bridge.0000: MainProcess                     : MainThread     : DEBUG   : parent name: umgr.staging.input.queue.bridge.0000.watch
2018-04-03 03:57:24,913: umgr.staging.input.queue.bridge.0000: MainProcess                     : MainThread     : DEBUG   : start thread
2018-04-03 03:57:24,913: umgr.staging.input.queue.bridge.0000: MainProcess                     : umgr.staging.input.queue.bridge.0000.watch: DEBUG   : child name: umgr.staging.input.queue.bridge.0000.watch.thread
2018-04-03 03:57:24,913: umgr.staging.input.queue.bridge.0000: MainProcess                     : umgr.staging.input.queue.bridge.0000.watch: INFO    : child (me) initializing
2018-04-03 03:57:24,913: umgr.staging.input.queue.bridge.0000: MainProcess                     : umgr.staging.input.queue.bridge.0000.watch: DEBUG   : ru_initialize_common (NOOP)
2018-04-03 03:57:24,913: umgr.staging.input.queue.bridge.0000: MainProcess                     : umgr.staging.input.queue.bridge.0000.watch: DEBUG   : ru_initialize_child (NOOP)
2018-04-03 03:57:24,913: umgr.staging.input.queue.bridge.0000: MainProcess                     : umgr.staging.input.queue.bridge.0000.watch: INFO    : send alive
2018-04-03 03:57:24,913: umgr.staging.input.queue.bridge.0000: MainProcess                     : umgr.staging.input.queue.bridge.0000.watch: INFO    : put message: [umgr.staging.input.queue.bridge.0000.watch.thread] alive
2018-04-03 03:57:24,914: umgr.staging.input.queue.bridge.0000: MainProcess                     : MainThread     : INFO    : get msg: alive
2018-04-03 03:57:24,914: umgr.staging.input.queue.bridge.0000: MainProcess                     : MainThread     : DEBUG   : ru_initialize_common (NOOP)
2018-04-03 03:57:24,914: umgr.staging.input.queue.bridge.0000: MainProcess                     : MainThread     : DEBUG   : ru_initialize_parent (NOOP)
2018-04-03 03:57:24,915: umgr.staging.input.queue.bridge.0000: MainProcess                     : MainThread     : DEBUG   : child thread umgr.staging.input.queue.bridge.0000.watch started
2018-04-03 03:57:24,915: umgr.staging.input.queue.bridge.0000: MainProcess                     : MainThread     : INFO    : child is alive
2018-04-03 03:57:24,915: umgr.staging.input.queue.bridge.0000: MainProcess                     : MainThread     : DEBUG   : process class started child
