2018-04-03 03:57:24,548: update.0.child      : update.0                        : MainThread     : INFO    : python.interpreter   version: 2.7.12 (default, Nov 20 2017, 18:23:56) [GCC 5.4.0 20160609]
2018-04-03 03:57:24,549: update.0.child      : update.0                        : MainThread     : INFO    :                      pid: 27200
2018-04-03 03:57:24,549: update.0.child      : update.0                        : MainThread     : INFO    :                      tid: MainThread
2018-04-03 03:57:24,549: update.0.child      : update.0                        : MainThread     : INFO    : radical.pilot        version: 0.47-0.47-7-g6165842@devel
2018-04-03 03:57:24,550: update.0.child      : update.0                        : MainThread     : INFO    : initialize update.0.child
2018-04-03 03:57:24,553: update.0.child      : update.0                        : MainThread     : INFO    : cfg: {'agents': {},
 u'bridges': {u'control_pubsub': {'addr_in': 'tcp://192.168.1.11:43611',
                                  'addr_out': 'tcp://192.168.1.11:38973',
                                  u'bulk_size': 0,
                                  u'log_level': u'debug',
                                  u'stall_hwm': 1},
              u'log_pubsub': {'addr_in': 'tcp://192.168.1.11:37231',
                              'addr_out': 'tcp://192.168.1.11:36271',
                              u'bulk_size': 0,
                              u'log_level': u'debug',
                              u'stall_hwm': 1},
              u'state_pubsub': {'addr_in': 'tcp://192.168.1.11:36439',
                                'addr_out': 'tcp://192.168.1.11:45363',
                                u'bulk_size': 0,
                                u'log_level': u'debug',
                                u'stall_hwm': 1}},
 'cname': u'UpdateWorker',
 u'components': {},
 u'count': 1,
 'dburl': 'mongodb://138.201.86.166:27017/ee_exp_4c',
 'debug': 'DEBUG',
 u'default_dburl': u'mongodb://rp:rp@ds015335.mlab.com:15335/rp',
 'logdir': '/home/vivek/Research/repos/entk-experiments-p2/rp-cud-sub-rate/bin/rp.session.vivek-HP-Pavilion-m6-Notebook-PC.vivek.017624.0004',
 'number': 0,
 'owner': 'rp.session.vivek-HP-Pavilion-m6-Notebook-PC.vivek.017624.0004',
 'session_id': 'rp.session.vivek-HP-Pavilion-m6-Notebook-PC.vivek.017624.0004'}
2018-04-03 03:57:24,554: update.0.child      : update.0                        : MainThread     : DEBUG   : start components: {}
2018-04-03 03:57:24,554: update.0.child      : update.0                        : MainThread     : DEBUG   : alive check in term
2018-04-03 03:57:24,554: update.0.child      : update.0                        : MainThread     : DEBUG   : START: update.0.child register publisher log_pubsub
2018-04-03 03:57:24,554: update.0.child      : update.0                        : MainThread     : DEBUG   : using addr tcp://192.168.1.11:37231 for pubsub log_pubsub
2018-04-03 03:57:24,558: update.0.child      : update.0                        : MainThread     : DEBUG   : registered publisher : log_pubsub : log.pubsub.pub.0000
2018-04-03 03:57:24,558: update.0.child      : update.0                        : MainThread     : DEBUG   : alive check in term
2018-04-03 03:57:24,558: update.0.child      : update.0                        : MainThread     : DEBUG   : START: update.0.child register publisher state_pubsub
2018-04-03 03:57:24,558: update.0.child      : update.0                        : MainThread     : DEBUG   : using addr tcp://192.168.1.11:36439 for pubsub state_pubsub
2018-04-03 03:57:24,560: update.0.child      : update.0                        : MainThread     : DEBUG   : registered publisher : state_pubsub : state.pubsub.pub.0000
2018-04-03 03:57:24,560: update.0.child      : update.0                        : MainThread     : DEBUG   : alive check in term
2018-04-03 03:57:24,560: update.0.child      : update.0                        : MainThread     : DEBUG   : START: update.0.child register publisher control_pubsub
2018-04-03 03:57:24,561: update.0.child      : update.0                        : MainThread     : DEBUG   : using addr tcp://192.168.1.11:43611 for pubsub control_pubsub
2018-04-03 03:57:24,562: update.0.child      : update.0                        : MainThread     : DEBUG   : registered publisher : control_pubsub : control.pubsub.pub.0000
2018-04-03 03:57:24,563: update.0.child      : update.0                        : MainThread     : DEBUG   : alive check in term
2018-04-03 03:57:24,563: update.0.child      : update.0                        : MainThread     : DEBUG   : START: update.0.child register subscriber update.0.child.subscriber._cancel_monitor_cb
2018-04-03 03:57:24,563: update.0.child      : update.0                        : MainThread     : DEBUG   : using addr tcp://192.168.1.11:38973 for pubsub control_pubsub
2018-04-03 03:57:24,597: update.0.child      : update.0                        : MainThread     : DEBUG   : parent name: update.0.child.subscriber._cancel_monitor_cb
2018-04-03 03:57:24,597: update.0.child      : update.0                        : MainThread     : DEBUG   : start thread
2018-04-03 03:57:24,597: update.0.child      : update.0                        : update.0.child.subscriber._cancel_monitor_cb: DEBUG   : child name: update.0.child.subscriber._cancel_monitor_cb.thread
2018-04-03 03:57:24,598: update.0.child      : update.0                        : update.0.child.subscriber._cancel_monitor_cb: INFO    : child (me) initializing
2018-04-03 03:57:24,598: update.0.child      : update.0                        : update.0.child.subscriber._cancel_monitor_cb: DEBUG   : ru_initialize_common (NOOP)
2018-04-03 03:57:24,598: update.0.child      : update.0                        : update.0.child.subscriber._cancel_monitor_cb: DEBUG   : ru_initialize_child (NOOP)
2018-04-03 03:57:24,598: update.0.child      : update.0                        : update.0.child.subscriber._cancel_monitor_cb: INFO    : send alive
2018-04-03 03:57:24,599: update.0.child      : update.0                        : update.0.child.subscriber._cancel_monitor_cb: INFO    : put message: [update.0.child.subscriber._cancel_monitor_cb.thread] alive
2018-04-03 03:57:24,599: update.0.child      : update.0                        : MainThread     : INFO    : get msg: alive
2018-04-03 03:57:24,599: update.0.child      : update.0                        : MainThread     : DEBUG   : ru_initialize_common (NOOP)
2018-04-03 03:57:24,599: update.0.child      : update.0                        : MainThread     : DEBUG   : ru_initialize_parent (NOOP)
2018-04-03 03:57:24,599: update.0.child      : update.0                        : MainThread     : DEBUG   : child thread update.0.child.subscriber._cancel_monitor_cb started
2018-04-03 03:57:24,600: update.0.child      : update.0                        : MainThread     : DEBUG   : update.0.child registered control_pubsub subscriber update.0.child.subscriber._cancel_monitor_cb
2018-04-03 03:57:24,816: update.0.child      : update.0                        : MainThread     : DEBUG   : alive check in term
2018-04-03 03:57:24,817: update.0.child      : update.0                        : MainThread     : DEBUG   : START: update.0.child register subscriber update.0.child.subscriber._state_cb
2018-04-03 03:57:24,817: update.0.child      : update.0                        : MainThread     : DEBUG   : using addr tcp://192.168.1.11:45363 for pubsub state_pubsub
2018-04-03 03:57:24,821: update.0.child      : update.0                        : MainThread     : DEBUG   : parent name: update.0.child.subscriber._state_cb
2018-04-03 03:57:24,822: update.0.child      : update.0                        : MainThread     : DEBUG   : start thread
2018-04-03 03:57:24,822: update.0.child      : update.0                        : update.0.child.subscriber._state_cb: DEBUG   : child name: update.0.child.subscriber._state_cb.thread
2018-04-03 03:57:24,823: update.0.child      : update.0                        : update.0.child.subscriber._state_cb: INFO    : child (me) initializing
2018-04-03 03:57:24,823: update.0.child      : update.0                        : update.0.child.subscriber._state_cb: DEBUG   : ru_initialize_common (NOOP)
2018-04-03 03:57:24,823: update.0.child      : update.0                        : update.0.child.subscriber._state_cb: DEBUG   : ru_initialize_child (NOOP)
2018-04-03 03:57:24,823: update.0.child      : update.0                        : update.0.child.subscriber._state_cb: INFO    : send alive
2018-04-03 03:57:24,824: update.0.child      : update.0                        : update.0.child.subscriber._state_cb: INFO    : put message: [update.0.child.subscriber._state_cb.thread] alive
2018-04-03 03:57:24,826: update.0.child      : update.0                        : MainThread     : INFO    : get msg: alive
2018-04-03 03:57:24,826: update.0.child      : update.0                        : MainThread     : DEBUG   : ru_initialize_common (NOOP)
2018-04-03 03:57:24,826: update.0.child      : update.0                        : MainThread     : DEBUG   : ru_initialize_parent (NOOP)
2018-04-03 03:57:24,826: update.0.child      : update.0                        : MainThread     : DEBUG   : child thread update.0.child.subscriber._state_cb started
2018-04-03 03:57:24,826: update.0.child      : update.0                        : MainThread     : DEBUG   : update.0.child registered state_pubsub subscriber update.0.child.subscriber._state_cb
2018-04-03 03:57:24,827: update.0.child      : update.0                        : MainThread     : DEBUG   : alive check in term
2018-04-03 03:57:24,827: update.0.child      : update.0                        : MainThread     : DEBUG   : START: update.0.child register idler update.0.child.idler._idle_cb
2018-04-03 03:57:24,827: update.0.child      : update.0                        : MainThread     : DEBUG   : parent name: update.0.child.idler._idle_cb
2018-04-03 03:57:24,828: update.0.child      : update.0                        : MainThread     : DEBUG   : start thread
2018-04-03 03:57:24,828: update.0.child      : update.0                        : update.0.child.idler._idle_cb: DEBUG   : child name: update.0.child.idler._idle_cb.thread
2018-04-03 03:57:24,828: update.0.child      : update.0                        : update.0.child.idler._idle_cb: INFO    : child (me) initializing
2018-04-03 03:57:24,828: update.0.child      : update.0                        : update.0.child.idler._idle_cb: DEBUG   : ru_initialize_common (NOOP)
2018-04-03 03:57:24,828: update.0.child      : update.0                        : update.0.child.idler._idle_cb: DEBUG   : ru_initialize_child (NOOP)
2018-04-03 03:57:24,828: update.0.child      : update.0                        : update.0.child.idler._idle_cb: INFO    : send alive
2018-04-03 03:57:24,829: update.0.child      : update.0                        : update.0.child.idler._idle_cb: INFO    : put message: [update.0.child.idler._idle_cb.thread] alive
2018-04-03 03:57:24,829: update.0.child      : update.0                        : MainThread     : INFO    : get msg: alive
2018-04-03 03:57:24,829: update.0.child      : update.0                        : MainThread     : DEBUG   : ru_initialize_common (NOOP)
2018-04-03 03:57:24,830: update.0.child      : update.0                        : MainThread     : DEBUG   : ru_initialize_parent (NOOP)
2018-04-03 03:57:24,830: update.0.child      : update.0                        : MainThread     : DEBUG   : child thread update.0.child.idler._idle_cb started
2018-04-03 03:57:24,830: update.0.child      : update.0                        : MainThread     : DEBUG   : update.0.child registered idler update.0.child.idler._idle_cb
2018-04-03 03:57:24,830: update.0.child      : update.0                        : MainThread     : INFO    : child (me) initializing
2018-04-03 03:57:24,830: update.0.child      : update.0                        : MainThread     : DEBUG   : parent name: update.0.child.watch
2018-04-03 03:57:24,830: update.0.child      : update.0                        : MainThread     : DEBUG   : start thread
2018-04-03 03:57:24,831: update.0.child      : update.0                        : update.0.child.watch: DEBUG   : child name: update.0.child.watch.thread
2018-04-03 03:57:24,831: update.0.child      : update.0                        : update.0.child.watch: INFO    : child (me) initializing
2018-04-03 03:57:24,831: update.0.child      : update.0                        : update.0.child.watch: DEBUG   : ru_initialize_common (NOOP)
2018-04-03 03:57:24,831: update.0.child      : update.0                        : update.0.child.watch: DEBUG   : ru_initialize_child (NOOP)
2018-04-03 03:57:24,831: update.0.child      : update.0                        : update.0.child.watch: INFO    : send alive
2018-04-03 03:57:24,831: update.0.child      : update.0                        : update.0.child.watch: INFO    : put message: [update.0.child.watch.thread] alive
2018-04-03 03:57:24,832: update.0.child      : update.0                        : MainThread     : INFO    : get msg: alive
2018-04-03 03:57:24,832: update.0.child      : update.0                        : MainThread     : DEBUG   : ru_initialize_common (NOOP)
2018-04-03 03:57:24,832: update.0.child      : update.0                        : MainThread     : DEBUG   : ru_initialize_parent (NOOP)
2018-04-03 03:57:24,832: update.0.child      : update.0                        : MainThread     : DEBUG   : child thread update.0.child.watch started
2018-04-03 03:57:24,832: update.0.child      : update.0                        : MainThread     : INFO    : child (me) is alive
2018-04-03 03:57:24,832: update.0.child      : update.0                        : MainThread     : INFO    : send alive
2018-04-03 03:57:24,832: update.0.child      : update.0                        : MainThread     : INFO    : send message: [update.0.child] alive
