2018-04-03 03:57:24,541: update.0            : MainProcess                     : MainThread     : INFO    : python.interpreter   version: 2.7.12 (default, Nov 20 2017, 18:23:56) [GCC 5.4.0 20160609]
2018-04-03 03:57:24,541: update.0            : MainProcess                     : MainThread     : INFO    :                      pid: 27168
2018-04-03 03:57:24,541: update.0            : MainProcess                     : MainThread     : INFO    :                      tid: MainThread
2018-04-03 03:57:24,541: update.0            : MainProcess                     : MainThread     : INFO    : radical.pilot        version: 0.47-0.47-7-g6165842@devel
2018-04-03 03:57:24,542: update.0            : MainProcess                     : MainThread     : DEBUG   : alive check in term
2018-04-03 03:57:24,542: update.0            : MainProcess                     : MainThread     : DEBUG   : start process
2018-04-03 03:57:24,832: update.0            : MainProcess                     : MainThread     : INFO    : recv message: alive
2018-04-03 03:57:24,833: update.0            : MainProcess                     : MainThread     : INFO    : initialize update.0
2018-04-03 03:57:24,837: update.0            : MainProcess                     : MainThread     : INFO    : cfg: {'agents': {},
 u'bridges': {u'control_pubsub': {'addr_in': 'tcp://192.168.1.11:43611',
                                  'addr_out': 'tcp://192.168.1.11:38973',
                                  u'bulk_size': 0,
                                  u'log_level': u'debug',
                                  u'stall_hwm': 1},
              u'log_pubsub': {'addr_in': 'tcp://192.168.1.11:37231',
                              'addr_out': 'tcp://192.168.1.11:36271',
                              u'bulk_size': 0,
                              u'log_level': u'debug',
                              u'stall_hwm': 1},
              u'state_pubsub': {'addr_in': 'tcp://192.168.1.11:36439',
                                'addr_out': 'tcp://192.168.1.11:45363',
                                u'bulk_size': 0,
                                u'log_level': u'debug',
                                u'stall_hwm': 1}},
 'cname': u'UpdateWorker',
 u'components': {},
 u'count': 1,
 'dburl': 'mongodb://138.201.86.166:27017/ee_exp_4c',
 'debug': 'DEBUG',
 u'default_dburl': u'mongodb://rp:rp@ds015335.mlab.com:15335/rp',
 'logdir': '/home/vivek/Research/repos/entk-experiments-p2/rp-cud-sub-rate/bin/rp.session.vivek-HP-Pavilion-m6-Notebook-PC.vivek.017624.0004',
 'number': 0,
 'owner': 'rp.session.vivek-HP-Pavilion-m6-Notebook-PC.vivek.017624.0004',
 'session_id': 'rp.session.vivek-HP-Pavilion-m6-Notebook-PC.vivek.017624.0004'}
2018-04-03 03:57:24,837: update.0            : MainProcess                     : MainThread     : DEBUG   : alive check in term
2018-04-03 03:57:24,837: update.0            : MainProcess                     : MainThread     : DEBUG   : START: update.0 register publisher log_pubsub
2018-04-03 03:57:24,837: update.0            : MainProcess                     : MainThread     : DEBUG   : using addr tcp://192.168.1.11:37231 for pubsub log_pubsub
2018-04-03 03:57:24,840: update.0            : MainProcess                     : MainThread     : DEBUG   : registered publisher : log_pubsub : log.pubsub.pub.0000
2018-04-03 03:57:24,840: update.0            : MainProcess                     : MainThread     : DEBUG   : alive check in term
2018-04-03 03:57:24,840: update.0            : MainProcess                     : MainThread     : DEBUG   : START: update.0 register publisher state_pubsub
2018-04-03 03:57:24,840: update.0            : MainProcess                     : MainThread     : DEBUG   : using addr tcp://192.168.1.11:36439 for pubsub state_pubsub
2018-04-03 03:57:24,842: update.0            : MainProcess                     : MainThread     : DEBUG   : registered publisher : state_pubsub : state.pubsub.pub.0000
2018-04-03 03:57:24,842: update.0            : MainProcess                     : MainThread     : DEBUG   : alive check in term
2018-04-03 03:57:24,842: update.0            : MainProcess                     : MainThread     : DEBUG   : START: update.0 register publisher control_pubsub
2018-04-03 03:57:24,842: update.0            : MainProcess                     : MainThread     : DEBUG   : using addr tcp://192.168.1.11:43611 for pubsub control_pubsub
2018-04-03 03:57:24,844: update.0            : MainProcess                     : MainThread     : DEBUG   : registered publisher : control_pubsub : control.pubsub.pub.0000
2018-04-03 03:57:24,844: update.0            : MainProcess                     : MainThread     : DEBUG   : parent name: update.0.watch
2018-04-03 03:57:24,844: update.0            : MainProcess                     : MainThread     : DEBUG   : start thread
2018-04-03 03:57:24,845: update.0            : MainProcess                     : update.0.watch : DEBUG   : child name: update.0.watch.thread
2018-04-03 03:57:24,845: update.0            : MainProcess                     : update.0.watch : INFO    : child (me) initializing
2018-04-03 03:57:24,845: update.0            : MainProcess                     : update.0.watch : DEBUG   : ru_initialize_common (NOOP)
2018-04-03 03:57:24,845: update.0            : MainProcess                     : update.0.watch : DEBUG   : ru_initialize_child (NOOP)
2018-04-03 03:57:24,845: update.0            : MainProcess                     : update.0.watch : INFO    : send alive
2018-04-03 03:57:24,845: update.0            : MainProcess                     : update.0.watch : INFO    : put message: [update.0.watch.thread] alive
2018-04-03 03:57:24,846: update.0            : MainProcess                     : MainThread     : INFO    : get msg: alive
2018-04-03 03:57:24,846: update.0            : MainProcess                     : MainThread     : DEBUG   : ru_initialize_common (NOOP)
2018-04-03 03:57:24,846: update.0            : MainProcess                     : MainThread     : DEBUG   : ru_initialize_parent (NOOP)
2018-04-03 03:57:24,846: update.0            : MainProcess                     : MainThread     : DEBUG   : child thread update.0.watch started
2018-04-03 03:57:24,846: update.0            : MainProcess                     : MainThread     : INFO    : child is alive
2018-04-03 03:57:24,847: update.0            : MainProcess                     : MainThread     : DEBUG   : process class started child
